c:\users\spencer\documents\github\cis_17b_final_project\birchengine_mod\debug\vc141.pdb
c:\users\spencer\documents\github\cis_17b_final_project\birchengine_mod\debug\vc141.idb
c:\users\spencer\documents\github\cis_17b_final_project\birchengine_mod\debug\vector2d.obj
c:\users\spencer\documents\github\cis_17b_final_project\birchengine_mod\debug\texturemanager.obj
c:\users\spencer\documents\github\cis_17b_final_project\birchengine_mod\debug\map.obj
c:\users\spencer\documents\github\cis_17b_final_project\birchengine_mod\debug\main.obj
c:\users\spencer\documents\github\cis_17b_final_project\birchengine_mod\debug\gameobject.obj
c:\users\spencer\documents\github\cis_17b_final_project\birchengine_mod\debug\game.obj
c:\users\spencer\documents\github\cis_17b_final_project\birchengine_mod\debug\collision.obj
c:\users\spencer\documents\github\cis_17b_final_project\birchengine_mod\debug\ecs.obj
c:\users\spencer\documents\github\cis_17b_final_project\birchengine_mod\debug\constants.obj
c:\users\spencer\documents\github\cis_17b_final_project\birchengine_mod\debug\birchengine_mod.ilk
c:\users\spencer\documents\github\cis_17b_final_project\birchengine_mod\debug\birchengine_mod.exe
c:\users\spencer\documents\github\cis_17b_final_project\birchengine_mod\debug\birchengine_mod.pdb
c:\users\spencer\documents\github\cis_17b_final_project\birchengine_mod\debug\birchengine_mod.tlog\cl.command.1.tlog
c:\users\spencer\documents\github\cis_17b_final_project\birchengine_mod\debug\birchengine_mod.tlog\cl.read.1.tlog
c:\users\spencer\documents\github\cis_17b_final_project\birchengine_mod\debug\birchengine_mod.tlog\cl.write.1.tlog
c:\users\spencer\documents\github\cis_17b_final_project\birchengine_mod\debug\birchengine_mod.tlog\link.command.1.tlog
c:\users\spencer\documents\github\cis_17b_final_project\birchengine_mod\debug\birchengine_mod.tlog\link.read.1.tlog
c:\users\spencer\documents\github\cis_17b_final_project\birchengine_mod\debug\birchengine_mod.tlog\link.write.1.tlog
