  Collision.cpp
  Constants.cpp
  ECS.cpp
  Game.cpp
c:\dev\birchengine - 21 - collision reduxe skipped20\birchengine\src\ecs\ecs.h(117): warning C4244: 'argument': conversion from '_Ty' to 'float', possible loss of data
          with
          [
              _Ty=int
          ]
  c:\dev\birchengine - 21 - collision reduxe skipped20\birchengine\src\game.cpp(62): note: see reference to function template instantiation 'T &Entity::addComponent<TransformComponent,int,int>(int &&,int &&)' being compiled
          with
          [
              T=TransformComponent
          ]
  GameObject.cpp
  main.cpp
  Map.cpp
c:\dev\birchengine - 21 - collision reduxe skipped20\birchengine\src\map.cpp(59): warning C4101: 'srcY': unreferenced local variable
c:\dev\birchengine - 21 - collision reduxe skipped20\birchengine\src\map.cpp(59): warning C4101: 'srcX': unreferenced local variable
  TextureManager.cpp
  Vector2D.cpp
  Generating Code...
  BirchEngine.vcxproj -> C:\Dev\BirchEngine - 21 - Collision Reduxe skipped20\bin\Win32\Debug\BirchEngine.exe
