c:\users\spencer\documents\github\cis_17b_final_project\birchengine_mod\bin\intermediates\win32\debug\vc141.pdb
c:\users\spencer\documents\github\cis_17b_final_project\birchengine_mod\bin\intermediates\win32\debug\vc141.idb
c:\users\spencer\documents\github\cis_17b_final_project\birchengine_mod\bin\intermediates\win32\debug\vector2d.obj
c:\users\spencer\documents\github\cis_17b_final_project\birchengine_mod\bin\intermediates\win32\debug\texturemanager.obj
c:\users\spencer\documents\github\cis_17b_final_project\birchengine_mod\bin\intermediates\win32\debug\map.obj
c:\users\spencer\documents\github\cis_17b_final_project\birchengine_mod\bin\intermediates\win32\debug\main.obj
c:\users\spencer\documents\github\cis_17b_final_project\birchengine_mod\bin\intermediates\win32\debug\gameobject.obj
c:\users\spencer\documents\github\cis_17b_final_project\birchengine_mod\bin\intermediates\win32\debug\game.obj
c:\users\spencer\documents\github\cis_17b_final_project\birchengine_mod\bin\intermediates\win32\debug\ecs.obj
c:\users\spencer\documents\github\cis_17b_final_project\birchengine_mod\bin\intermediates\win32\debug\constants.obj
c:\users\spencer\documents\github\cis_17b_final_project\birchengine_mod\bin\intermediates\win32\debug\collision.obj
c:\users\spencer\documents\github\cis_17b_final_project\birchengine_mod\bin\win32\debug\birchengine.ilk
c:\users\spencer\documents\github\cis_17b_final_project\birchengine_mod\bin\win32\debug\birchengine.exe
c:\users\spencer\documents\github\cis_17b_final_project\birchengine_mod\bin\win32\debug\birchengine.pdb
c:\users\spencer\documents\github\cis_17b_final_project\birchengine_mod\bin\intermediates\win32\debug\birchengine.tlog\cl.command.1.tlog
c:\users\spencer\documents\github\cis_17b_final_project\birchengine_mod\bin\intermediates\win32\debug\birchengine.tlog\cl.read.1.tlog
c:\users\spencer\documents\github\cis_17b_final_project\birchengine_mod\bin\intermediates\win32\debug\birchengine.tlog\cl.write.1.tlog
c:\users\spencer\documents\github\cis_17b_final_project\birchengine_mod\bin\intermediates\win32\debug\birchengine.tlog\link.command.1.tlog
c:\users\spencer\documents\github\cis_17b_final_project\birchengine_mod\bin\intermediates\win32\debug\birchengine.tlog\link.read.1.tlog
c:\users\spencer\documents\github\cis_17b_final_project\birchengine_mod\bin\intermediates\win32\debug\birchengine.tlog\link.write.1.tlog
